{"/Users/yogieanugrah/Project/dishub-intersection/backend/app/config/db.js": {"path":"/Users/yogieanugrah/Project/dishub-intersection/backend/app/config/db.js","statementMap":{"0":{"start":{"line":1,"column":14},"end":{"line":1,"column":31}},"1":{"start":{"line":2,"column":0},"end":{"line":2,"column":27}},"2":{"start":{"line":4,"column":13},"end":{"line":13,"column":2}},"3":{"start":{"line":15,"column":0},"end":{"line":15,"column":32}}},"fnMap":{},"branchMap":{"0":{"loc":{"start":{"line":9,"column":8},"end":{"line":9,"column":35}},"type":"binary-expr","locations":[{"start":{"line":9,"column":8},"end":{"line":9,"column":27}},{"start":{"line":9,"column":31},"end":{"line":9,"column":35}}],"line":9}},"s":{"0":1,"1":1,"2":1,"3":1},"f":{},"b":{"0":[1,0]},"_coverageSchema":"1a1c01bbd47fc00a2c39e90264f33305004495a9","hash":"d107d955834fa1135b98a2f89122dad7a178d910"}
,"/Users/yogieanugrah/Project/dishub-intersection/backend/app/controllers/cameraStatus.controller.js": {"path":"/Users/yogieanugrah/Project/dishub-intersection/backend/app/controllers/cameraStatus.controller.js","statementMap":{"0":{"start":{"line":1,"column":11},"end":{"line":1,"column":34}},"1":{"start":{"line":4,"column":0},"end":{"line":36,"column":2}},"2":{"start":{"line":5,"column":32},"end":{"line":5,"column":40}},"3":{"start":{"line":7,"column":2},"end":{"line":9,"column":3}},"4":{"start":{"line":8,"column":4},"end":{"line":8,"column":80}},"5":{"start":{"line":11,"column":2},"end":{"line":35,"column":3}},"6":{"start":{"line":12,"column":27},"end":{"line":15,"column":5}},"7":{"start":{"line":18,"column":4},"end":{"line":21,"column":6}},"8":{"start":{"line":23,"column":4},"end":{"line":31,"column":7}},"9":{"start":{"line":33,"column":4},"end":{"line":33,"column":58}},"10":{"start":{"line":34,"column":4},"end":{"line":34,"column":68}},"11":{"start":{"line":40,"column":0},"end":{"line":54,"column":2}},"12":{"start":{"line":41,"column":17},"end":{"line":41,"column":27}},"13":{"start":{"line":43,"column":2},"end":{"line":53,"column":3}},"14":{"start":{"line":44,"column":19},"end":{"line":47,"column":5}},"15":{"start":{"line":49,"column":4},"end":{"line":49,"column":63}},"16":{"start":{"line":51,"column":4},"end":{"line":51,"column":54}},"17":{"start":{"line":52,"column":4},"end":{"line":52,"column":68}},"18":{"start":{"line":57,"column":0},"end":{"line":93,"column":2}},"19":{"start":{"line":58,"column":2},"end":{"line":92,"column":3}},"20":{"start":{"line":59,"column":19},"end":{"line":68,"column":6}},"21":{"start":{"line":71,"column":26},"end":{"line":86,"column":7}},"22":{"start":{"line":71,"column":43},"end":{"line":86,"column":5}},"23":{"start":{"line":88,"column":4},"end":{"line":88,"column":47}},"24":{"start":{"line":90,"column":4},"end":{"line":90,"column":63}},"25":{"start":{"line":91,"column":4},"end":{"line":91,"column":68}},"26":{"start":{"line":98,"column":0},"end":{"line":112,"column":2}},"27":{"start":{"line":99,"column":2},"end":{"line":111,"column":3}},"28":{"start":{"line":100,"column":19},"end":{"line":105,"column":6}},"29":{"start":{"line":107,"column":4},"end":{"line":107,"column":70}},"30":{"start":{"line":107,"column":54},"end":{"line":107,"column":65}},"31":{"start":{"line":109,"column":4},"end":{"line":109,"column":55}},"32":{"start":{"line":110,"column":4},"end":{"line":110,"column":68}}},"fnMap":{"0":{"name":"(anonymous_0)","decl":{"start":{"line":4,"column":32},"end":{"line":4,"column":33}},"loc":{"start":{"line":4,"column":52},"end":{"line":36,"column":1}},"line":4},"1":{"name":"(anonymous_1)","decl":{"start":{"line":40,"column":30},"end":{"line":40,"column":31}},"loc":{"start":{"line":40,"column":50},"end":{"line":54,"column":1}},"line":40},"2":{"name":"(anonymous_2)","decl":{"start":{"line":57,"column":32},"end":{"line":57,"column":33}},"loc":{"start":{"line":57,"column":52},"end":{"line":93,"column":1}},"line":57},"3":{"name":"(anonymous_3)","decl":{"start":{"line":71,"column":35},"end":{"line":71,"column":36}},"loc":{"start":{"line":71,"column":43},"end":{"line":86,"column":5}},"line":71},"4":{"name":"(anonymous_4)","decl":{"start":{"line":98,"column":30},"end":{"line":98,"column":31}},"loc":{"start":{"line":98,"column":50},"end":{"line":112,"column":1}},"line":98},"5":{"name":"(anonymous_5)","decl":{"start":{"line":107,"column":49},"end":{"line":107,"column":50}},"loc":{"start":{"line":107,"column":54},"end":{"line":107,"column":65}},"line":107}},"branchMap":{"0":{"loc":{"start":{"line":7,"column":2},"end":{"line":9,"column":3}},"type":"if","locations":[{"start":{"line":7,"column":2},"end":{"line":9,"column":3}},{"start":{},"end":{}}],"line":7},"1":{"loc":{"start":{"line":7,"column":6},"end":{"line":7,"column":71}},"type":"binary-expr","locations":[{"start":{"line":7,"column":6},"end":{"line":7,"column":38}},{"start":{"line":7,"column":42},"end":{"line":7,"column":71}}],"line":7}},"s":{"0":1,"1":1,"2":3,"3":3,"4":1,"5":2,"6":2,"7":1,"8":1,"9":1,"10":1,"11":1,"12":2,"13":2,"14":2,"15":1,"16":1,"17":1,"18":1,"19":2,"20":2,"21":1,"22":1,"23":1,"24":1,"25":1,"26":1,"27":2,"28":2,"29":1,"30":1,"31":1,"32":1},"f":{"0":3,"1":2,"2":2,"3":1,"4":2,"5":1},"b":{"0":[1,2],"1":[3,2]},"_coverageSchema":"1a1c01bbd47fc00a2c39e90264f33305004495a9","hash":"6055bfe691d8330854f61fb4d40f0652d1cb229b"}
}
