TN:
SF:app/config/db.js
FNF:0
FNH:0
DA:1,1
DA:2,1
DA:4,1
DA:15,1
LF:4
LH:4
BRDA:9,0,0,1
BRDA:9,0,1,0
BRF:2
BRH:1
end_of_record
TN:
SF:app/controllers/cameraStatus.controller.js
FN:4,(anonymous_0)
FN:40,(anonymous_1)
FN:57,(anonymous_2)
FN:71,(anonymous_3)
FN:98,(anonymous_4)
FN:107,(anonymous_5)
FNF:6
FNH:6
FNDA:3,(anonymous_0)
FNDA:2,(anonymous_1)
FNDA:2,(anonymous_2)
FNDA:1,(anonymous_3)
FNDA:2,(anonymous_4)
FNDA:1,(anonymous_5)
DA:1,1
DA:4,1
DA:5,3
DA:7,3
DA:8,1
DA:11,2
DA:12,2
DA:18,1
DA:23,1
DA:33,1
DA:34,1
DA:40,1
DA:41,2
DA:43,2
DA:44,2
DA:49,1
DA:51,1
DA:52,1
DA:57,1
DA:58,2
DA:59,2
DA:71,1
DA:88,1
DA:90,1
DA:91,1
DA:98,1
DA:99,2
DA:100,2
DA:107,1
DA:109,1
DA:110,1
LF:31
LH:31
BRDA:7,0,0,1
BRDA:7,0,1,2
BRDA:7,1,0,3
BRDA:7,1,1,2
BRF:4
BRH:4
end_of_record
